<?xml version="1.0" encoding="UTF-8"?>
<!-- Generated by org.testng.reporters.JUnitReportReporter -->
<testsuite hostname="DESKTOP-QG8CIRA" failures="0" tests="3" name="test.AmazonRunner" time="79.644" errors="0" timestamp="2024-03-10T15:06:19 IST" skipped="0">
  <testcase classname="test.AmazonRunner" name="runScenario" time="37.529"/>
  <system-out/>
  <testcase classname="test.AmazonRunner" name="runScenario" time="22.538"/>
  <system-out/>
  <testcase classname="test.AmazonRunner" name="runScenario" time="19.577"/>
  <system-out/>
</testsuite> <!-- test.AmazonRunner -->
